mobile/app/build/intermediates/manifest_merge_blame_file/release/processReleaseMainManifest/manifest-merger-blame-release-report.txt
1<?xml version="1.0" encoding="utf-8"?>
2<manifest xmlns:android="http://schemas.android.com/apk/res/android"
3    package="com.mecanotun.mobile"
4    android:versionCode="1"
5    android:versionName="1.0" >
6
7    <uses-sdk
8        android:minSdkVersion="24"
9        android:targetSdkVersion="34" />
10
11    <uses-permission android:name="android.permission.INTERNET" />
11-->src\main\AndroidManifest.xml:5:5-67
11-->src\main\AndroidManifest.xml:5:22-64
12
13    <permission
13-->[androidx.core:core:1.9.0] AndroidManifest.xml:22:5-24:47
14        android:name="com.mecanotun.mobile.DYNAMIC_RECEIVER_NOT_EXPORTED_PERMISSION"
14-->[androidx.core:core:1.9.0] AndroidManifest.xml:23:9-81
15        android:protectionLevel="signature" />
15-->[androidx.core:core:1.9.0] AndroidManifest.xml:24:9-44
16
17    <uses-permission android:name="com.mecanotun.mobile.DYNAMIC_RECEIVER_NOT_EXPORTED_PERMISSION" />
17-->[androidx.core:core:1.9.0] AndroidManifest.xml:26:5-97
17-->[androidx.core:core:1.9.0] AndroidManifest.xml:26:22-94
18
19    <application
19-->src\main\AndroidManifest.xml:7:5-64:19
20        android:allowBackup="true"
20-->src\main\AndroidManifest.xml:8:9-35
21        android:appComponentFactory="androidx.core.app.CoreComponentFactory"
21-->[androidx.core:core:1.9.0] AndroidManifest.xml:28:18-86
22        android:extractNativeLibs="false"
23        android:icon="@mipmap/ic_launcher"
23-->src\main\AndroidManifest.xml:9:9-43
24        android:label="@string/app_name"
24-->src\main\AndroidManifest.xml:10:9-41
25        android:roundIcon="@mipmap/ic_launcher_round"
25-->src\main\AndroidManifest.xml:11:9-54
26        android:supportsRtl="true"
26-->src\main\AndroidManifest.xml:12:9-35
27        android:theme="@style/Theme.MecanoTunMobile"
27-->src\main\AndroidManifest.xml:13:9-53
28        android:usesCleartextTraffic="true" >
28-->src\main\AndroidManifest.xml:14:9-44
29        <activity
29-->src\main\AndroidManifest.xml:17:9-25:20
30            android:name="com.mecanotun.mobile.MainActivity"
30-->src\main\AndroidManifest.xml:18:13-41
31            android:exported="true"
31-->src\main\AndroidManifest.xml:19:13-36
32            android:theme="@style/Theme.MecanoTunMobile.NoActionBar" >
32-->src\main\AndroidManifest.xml:20:13-69
33            <intent-filter>
33-->src\main\AndroidManifest.xml:21:13-24:29
34                <action android:name="android.intent.action.MAIN" />
34-->src\main\AndroidManifest.xml:22:17-69
34-->src\main\AndroidManifest.xml:22:25-66
35
36                <category android:name="android.intent.category.LAUNCHER" />
36-->src\main\AndroidManifest.xml:23:17-77
36-->src\main\AndroidManifest.xml:23:27-74
37            </intent-filter>
38        </activity>
39        <activity
39-->src\main\AndroidManifest.xml:27:9-29:40
40            android:name="com.mecanotun.mobile.LoginActivity"
40-->src\main\AndroidManifest.xml:28:13-42
41            android:exported="false" />
41-->src\main\AndroidManifest.xml:29:13-37
42        <activity
42-->src\main\AndroidManifest.xml:31:9-33:40
43            android:name="com.mecanotun.mobile.SignUpActivity"
43-->src\main\AndroidManifest.xml:32:13-43
44            android:exported="false" />
44-->src\main\AndroidManifest.xml:33:13-37
45        <activity
45-->src\main\AndroidManifest.xml:35:9-37:40
46            android:name="com.mecanotun.mobile.HomeActivity"
46-->src\main\AndroidManifest.xml:36:13-41
47            android:exported="false" />
47-->src\main\AndroidManifest.xml:37:13-37
48        <activity
48-->src\main\AndroidManifest.xml:39:9-42:58
49            android:name="com.mecanotun.mobile.VehiclesActivity"
49-->src\main\AndroidManifest.xml:40:13-45
50            android:exported="false"
50-->src\main\AndroidManifest.xml:41:13-37
51            android:parentActivityName="com.mecanotun.mobile.HomeActivity" />
51-->src\main\AndroidManifest.xml:42:13-55
52        <activity
52-->src\main\AndroidManifest.xml:44:9-47:58
53            android:name="com.mecanotun.mobile.ServicesActivity"
53-->src\main\AndroidManifest.xml:45:13-45
54            android:exported="false"
54-->src\main\AndroidManifest.xml:46:13-37
55            android:parentActivityName="com.mecanotun.mobile.HomeActivity" />
55-->src\main\AndroidManifest.xml:47:13-55
56        <activity
56-->src\main\AndroidManifest.xml:49:9-52:62
57            android:name="com.mecanotun.mobile.BookAppointmentActivity"
57-->src\main\AndroidManifest.xml:50:13-52
58            android:exported="false"
58-->src\main\AndroidManifest.xml:51:13-37
59            android:parentActivityName="com.mecanotun.mobile.ServicesActivity" />
59-->src\main\AndroidManifest.xml:52:13-59
60        <activity
60-->src\main\AndroidManifest.xml:54:9-57:58
61            android:name="com.mecanotun.mobile.AppointmentsActivity"
61-->src\main\AndroidManifest.xml:55:13-49
62            android:exported="false"
62-->src\main\AndroidManifest.xml:56:13-37
63            android:parentActivityName="com.mecanotun.mobile.HomeActivity" />
63-->src\main\AndroidManifest.xml:57:13-55
64        <activity
64-->src\main\AndroidManifest.xml:59:9-62:58
65            android:name="com.mecanotun.mobile.ProfileActivity"
65-->src\main\AndroidManifest.xml:60:13-44
66            android:exported="false"
66-->src\main\AndroidManifest.xml:61:13-37
67            android:parentActivityName="com.mecanotun.mobile.HomeActivity" />
67-->src\main\AndroidManifest.xml:62:13-55
68
69        <provider
69-->[androidx.emoji2:emoji2:1.2.0] AndroidManifest.xml:24:9-32:20
70            android:name="androidx.startup.InitializationProvider"
70-->[androidx.emoji2:emoji2:1.2.0] AndroidManifest.xml:25:13-67
71            android:authorities="com.mecanotun.mobile.androidx-startup"
71-->[androidx.emoji2:emoji2:1.2.0] AndroidManifest.xml:26:13-68
72            android:exported="false" >
72-->[androidx.emoji2:emoji2:1.2.0] AndroidManifest.xml:27:13-37
73            <meta-data
73-->[androidx.emoji2:emoji2:1.2.0] AndroidManifest.xml:29:13-31:52
74                android:name="androidx.emoji2.text.EmojiCompatInitializer"
74-->[androidx.emoji2:emoji2:1.2.0] AndroidManifest.xml:30:17-75
75                android:value="androidx.startup" />
75-->[androidx.emoji2:emoji2:1.2.0] AndroidManifest.xml:31:17-49
76            <meta-data
76-->[androidx.lifecycle:lifecycle-process:2.6.2] AndroidManifest.xml:29:13-31:52
77                android:name="androidx.lifecycle.ProcessLifecycleInitializer"
77-->[androidx.lifecycle:lifecycle-process:2.6.2] AndroidManifest.xml:30:17-78
78                android:value="androidx.startup" />
78-->[androidx.lifecycle:lifecycle-process:2.6.2] AndroidManifest.xml:31:17-49
79            <meta-data
79-->[androidx.profileinstaller:profileinstaller:1.3.0] AndroidManifest.xml:29:13-31:52
80                android:name="androidx.profileinstaller.ProfileInstallerInitializer"
80-->[androidx.profileinstaller:profileinstaller:1.3.0] AndroidManifest.xml:30:17-85
81                android:value="androidx.startup" />
81-->[androidx.profileinstaller:profileinstaller:1.3.0] AndroidManifest.xml:31:17-49
82        </provider>
83
84        <receiver
84-->[androidx.profileinstaller:profileinstaller:1.3.0] AndroidManifest.xml:34:9-52:20
85            android:name="androidx.profileinstaller.ProfileInstallReceiver"
85-->[androidx.profileinstaller:profileinstaller:1.3.0] AndroidManifest.xml:35:13-76
86            android:directBootAware="false"
86-->[androidx.profileinstaller:profileinstaller:1.3.0] AndroidManifest.xml:36:13-44
87            android:enabled="true"
87-->[androidx.profileinstaller:profileinstaller:1.3.0] AndroidManifest.xml:37:13-35
88            android:exported="true"
88-->[androidx.profileinstaller:profileinstaller:1.3.0] AndroidManifest.xml:38:13-36
89            android:permission="android.permission.DUMP" >
89-->[androidx.profileinstaller:profileinstaller:1.3.0] AndroidManifest.xml:39:13-57
90            <intent-filter>
90-->[androidx.profileinstaller:profileinstaller:1.3.0] AndroidManifest.xml:40:13-42:29
91                <action android:name="androidx.profileinstaller.action.INSTALL_PROFILE" />
91-->[androidx.profileinstaller:profileinstaller:1.3.0] AndroidManifest.xml:41:17-91
91-->[androidx.profileinstaller:profileinstaller:1.3.0] AndroidManifest.xml:41:25-88
92            </intent-filter>
93            <intent-filter>
93-->[androidx.profileinstaller:profileinstaller:1.3.0] AndroidManifest.xml:43:13-45:29
94                <action android:name="androidx.profileinstaller.action.SKIP_FILE" />
94-->[androidx.profileinstaller:profileinstaller:1.3.0] AndroidManifest.xml:44:17-85
94-->[androidx.profileinstaller:profileinstaller:1.3.0] AndroidManifest.xml:44:25-82
95            </intent-filter>
96            <intent-filter>
96-->[androidx.profileinstaller:profileinstaller:1.3.0] AndroidManifest.xml:46:13-48:29
97                <action android:name="androidx.profileinstaller.action.SAVE_PROFILE" />
97-->[androidx.profileinstaller:profileinstaller:1.3.0] AndroidManifest.xml:47:17-88
97-->[androidx.profileinstaller:profileinstaller:1.3.0] AndroidManifest.xml:47:25-85
98            </intent-filter>
99            <intent-filter>
99-->[androidx.profileinstaller:profileinstaller:1.3.0] AndroidManifest.xml:49:13-51:29
100                <action android:name="androidx.profileinstaller.action.BENCHMARK_OPERATION" />
100-->[androidx.profileinstaller:profileinstaller:1.3.0] AndroidManifest.xml:50:17-95
100-->[androidx.profileinstaller:profileinstaller:1.3.0] AndroidManifest.xml:50:25-92
101            </intent-filter>
102        </receiver>
103    </application>
104
105</manifest>